Determining if the pthread_create exist failed with the following output:
Change Dir: /home/kaiwen98/Desktop/slam/build/CMakeFiles/CMakeTmp

Run Build Command:"/usr/bin/make" "cmTC_439a3/fast"
/usr/bin/make -f CMakeFiles/cmTC_439a3.dir/build.make CMakeFiles/cmTC_439a3.dir/build
make[1]: Entering directory '/home/kaiwen98/Desktop/slam/build/CMakeFiles/CMakeTmp'
Building C object CMakeFiles/cmTC_439a3.dir/CheckSymbolExists.c.o
/usr/bin/cc    -o CMakeFiles/cmTC_439a3.dir/CheckSymbolExists.c.o   -c /home/kaiwen98/Desktop/slam/build/CMakeFiles/CMakeTmp/CheckSymbolExists.c
Linking C executable cmTC_439a3
/usr/bin/cmake -E cmake_link_script CMakeFiles/cmTC_439a3.dir/link.txt --verbose=1
/usr/bin/cc      -rdynamic CMakeFiles/cmTC_439a3.dir/CheckSymbolExists.c.o  -o cmTC_439a3 
CMakeFiles/cmTC_439a3.dir/CheckSymbolExists.c.o: In function `main':
CheckSymbolExists.c:(.text+0x1b): undefined reference to `pthread_create'
collect2: error: ld returned 1 exit status
CMakeFiles/cmTC_439a3.dir/build.make:97: recipe for target 'cmTC_439a3' failed
make[1]: *** [cmTC_439a3] Error 1
make[1]: Leaving directory '/home/kaiwen98/Desktop/slam/build/CMakeFiles/CMakeTmp'
Makefile:126: recipe for target 'cmTC_439a3/fast' failed
make: *** [cmTC_439a3/fast] Error 2

File /home/kaiwen98/Desktop/slam/build/CMakeFiles/CMakeTmp/CheckSymbolExists.c:
/* */
#include <pthread.h>

int main(int argc, char** argv)
{
  (void)argv;
#ifndef pthread_create
  return ((int*)(&pthread_create))[argc];
#else
  (void)argc;
  return 0;
#endif
}

Determining if the function pthread_create exists in the pthreads failed with the following output:
Change Dir: /home/kaiwen98/Desktop/slam/build/CMakeFiles/CMakeTmp

Run Build Command:"/usr/bin/make" "cmTC_beb9c/fast"
/usr/bin/make -f CMakeFiles/cmTC_beb9c.dir/build.make CMakeFiles/cmTC_beb9c.dir/build
make[1]: Entering directory '/home/kaiwen98/Desktop/slam/build/CMakeFiles/CMakeTmp'
Building C object CMakeFiles/cmTC_beb9c.dir/CheckFunctionExists.c.o
/usr/bin/cc   -DCHECK_FUNCTION_EXISTS=pthread_create   -o CMakeFiles/cmTC_beb9c.dir/CheckFunctionExists.c.o   -c /usr/share/cmake-3.10/Modules/CheckFunctionExists.c
Linking C executable cmTC_beb9c
/usr/bin/cmake -E cmake_link_script CMakeFiles/cmTC_beb9c.dir/link.txt --verbose=1
/usr/bin/cc  -DCHECK_FUNCTION_EXISTS=pthread_create    -rdynamic CMakeFiles/cmTC_beb9c.dir/CheckFunctionExists.c.o  -o cmTC_beb9c -lpthreads 
/usr/bin/ld: cannot find -lpthreads
collect2: error: ld returned 1 exit status
CMakeFiles/cmTC_beb9c.dir/build.make:97: recipe for target 'cmTC_beb9c' failed
make[1]: *** [cmTC_beb9c] Error 1
make[1]: Leaving directory '/home/kaiwen98/Desktop/slam/build/CMakeFiles/CMakeTmp'
Makefile:126: recipe for target 'cmTC_beb9c/fast' failed
make: *** [cmTC_beb9c/fast] Error 2


Determining if the Q_WS_WIN exist failed with the following output:
Change Dir: /home/kaiwen98/Desktop/slam/build/CMakeFiles/CMakeTmp

Run Build Command:"/usr/bin/make" "cmTC_5032f/fast"
/usr/bin/make -f CMakeFiles/cmTC_5032f.dir/build.make CMakeFiles/cmTC_5032f.dir/build
make[1]: Entering directory '/home/kaiwen98/Desktop/slam/build/CMakeFiles/CMakeTmp'
Building CXX object CMakeFiles/cmTC_5032f.dir/CheckSymbolExists.cxx.o
/usr/bin/c++   -I/usr/include/qt4   -o CMakeFiles/cmTC_5032f.dir/CheckSymbolExists.cxx.o -c /home/kaiwen98/Desktop/slam/build/CMakeFiles/CMakeTmp/CheckSymbolExists.cxx
/home/kaiwen98/Desktop/slam/build/CMakeFiles/CMakeTmp/CheckSymbolExists.cxx: In function ‘int main(int, char**)’:
/home/kaiwen98/Desktop/slam/build/CMakeFiles/CMakeTmp/CheckSymbolExists.cxx:8:19: error: ‘Q_WS_WIN’ was not declared in this scope
   return ((int*)(&Q_WS_WIN))[argc];
                   ^~~~~~~~
/home/kaiwen98/Desktop/slam/build/CMakeFiles/CMakeTmp/CheckSymbolExists.cxx:8:19: note: suggested alternative: ‘Q_WS_X11’
   return ((int*)(&Q_WS_WIN))[argc];
                   ^~~~~~~~
                   Q_WS_X11
CMakeFiles/cmTC_5032f.dir/build.make:65: recipe for target 'CMakeFiles/cmTC_5032f.dir/CheckSymbolExists.cxx.o' failed
make[1]: *** [CMakeFiles/cmTC_5032f.dir/CheckSymbolExists.cxx.o] Error 1
make[1]: Leaving directory '/home/kaiwen98/Desktop/slam/build/CMakeFiles/CMakeTmp'
Makefile:126: recipe for target 'cmTC_5032f/fast' failed
make: *** [cmTC_5032f/fast] Error 2

File /home/kaiwen98/Desktop/slam/build/CMakeFiles/CMakeTmp/CheckSymbolExists.cxx:
/* */
#include <QtCore/qglobal.h>

int main(int argc, char** argv)
{
  (void)argv;
#ifndef Q_WS_WIN
  return ((int*)(&Q_WS_WIN))[argc];
#else
  (void)argc;
  return 0;
#endif
}

Determining if the Q_WS_QWS exist failed with the following output:
Change Dir: /home/kaiwen98/Desktop/slam/build/CMakeFiles/CMakeTmp

Run Build Command:"/usr/bin/make" "cmTC_1c9c6/fast"
/usr/bin/make -f CMakeFiles/cmTC_1c9c6.dir/build.make CMakeFiles/cmTC_1c9c6.dir/build
make[1]: Entering directory '/home/kaiwen98/Desktop/slam/build/CMakeFiles/CMakeTmp'
Building CXX object CMakeFiles/cmTC_1c9c6.dir/CheckSymbolExists.cxx.o
/usr/bin/c++   -I/usr/include/qt4   -o CMakeFiles/cmTC_1c9c6.dir/CheckSymbolExists.cxx.o -c /home/kaiwen98/Desktop/slam/build/CMakeFiles/CMakeTmp/CheckSymbolExists.cxx
/home/kaiwen98/Desktop/slam/build/CMakeFiles/CMakeTmp/CheckSymbolExists.cxx: In function ‘int main(int, char**)’:
/home/kaiwen98/Desktop/slam/build/CMakeFiles/CMakeTmp/CheckSymbolExists.cxx:8:19: error: ‘Q_WS_QWS’ was not declared in this scope
   return ((int*)(&Q_WS_QWS))[argc];
                   ^~~~~~~~
/home/kaiwen98/Desktop/slam/build/CMakeFiles/CMakeTmp/CheckSymbolExists.cxx:8:19: note: suggested alternative: ‘Q_WS_X11’
   return ((int*)(&Q_WS_QWS))[argc];
                   ^~~~~~~~
                   Q_WS_X11
CMakeFiles/cmTC_1c9c6.dir/build.make:65: recipe for target 'CMakeFiles/cmTC_1c9c6.dir/CheckSymbolExists.cxx.o' failed
make[1]: *** [CMakeFiles/cmTC_1c9c6.dir/CheckSymbolExists.cxx.o] Error 1
make[1]: Leaving directory '/home/kaiwen98/Desktop/slam/build/CMakeFiles/CMakeTmp'
Makefile:126: recipe for target 'cmTC_1c9c6/fast' failed
make: *** [cmTC_1c9c6/fast] Error 2

File /home/kaiwen98/Desktop/slam/build/CMakeFiles/CMakeTmp/CheckSymbolExists.cxx:
/* */
#include <QtCore/qglobal.h>

int main(int argc, char** argv)
{
  (void)argv;
#ifndef Q_WS_QWS
  return ((int*)(&Q_WS_QWS))[argc];
#else
  (void)argc;
  return 0;
#endif
}

Determining if the Q_WS_MAC exist failed with the following output:
Change Dir: /home/kaiwen98/Desktop/slam/build/CMakeFiles/CMakeTmp

Run Build Command:"/usr/bin/make" "cmTC_1f1eb/fast"
/usr/bin/make -f CMakeFiles/cmTC_1f1eb.dir/build.make CMakeFiles/cmTC_1f1eb.dir/build
make[1]: Entering directory '/home/kaiwen98/Desktop/slam/build/CMakeFiles/CMakeTmp'
Building CXX object CMakeFiles/cmTC_1f1eb.dir/CheckSymbolExists.cxx.o
/usr/bin/c++   -I/usr/include/qt4   -o CMakeFiles/cmTC_1f1eb.dir/CheckSymbolExists.cxx.o -c /home/kaiwen98/Desktop/slam/build/CMakeFiles/CMakeTmp/CheckSymbolExists.cxx
/home/kaiwen98/Desktop/slam/build/CMakeFiles/CMakeTmp/CheckSymbolExists.cxx: In function ‘int main(int, char**)’:
/home/kaiwen98/Desktop/slam/build/CMakeFiles/CMakeTmp/CheckSymbolExists.cxx:8:19: error: ‘Q_WS_MAC’ was not declared in this scope
   return ((int*)(&Q_WS_MAC))[argc];
                   ^~~~~~~~
/home/kaiwen98/Desktop/slam/build/CMakeFiles/CMakeTmp/CheckSymbolExists.cxx:8:19: note: suggested alternative: ‘Q_WS_X11’
   return ((int*)(&Q_WS_MAC))[argc];
                   ^~~~~~~~
                   Q_WS_X11
CMakeFiles/cmTC_1f1eb.dir/build.make:65: recipe for target 'CMakeFiles/cmTC_1f1eb.dir/CheckSymbolExists.cxx.o' failed
make[1]: *** [CMakeFiles/cmTC_1f1eb.dir/CheckSymbolExists.cxx.o] Error 1
make[1]: Leaving directory '/home/kaiwen98/Desktop/slam/build/CMakeFiles/CMakeTmp'
Makefile:126: recipe for target 'cmTC_1f1eb/fast' failed
make: *** [cmTC_1f1eb/fast] Error 2

File /home/kaiwen98/Desktop/slam/build/CMakeFiles/CMakeTmp/CheckSymbolExists.cxx:
/* */
#include <QtCore/qglobal.h>

int main(int argc, char** argv)
{
  (void)argv;
#ifndef Q_WS_MAC
  return ((int*)(&Q_WS_MAC))[argc];
#else
  (void)argc;
  return 0;
#endif
}

